<?xml version="1.0" encoding="UTF-8"?>
<!-- Generated by org.testng.reporters.JUnitXMLReporter -->
<testsuite ignored="0" hostname="DESKTOP-GDO9BQ7" failures="4" tests="5" name="Surefire test" time="6.123" errors="0" timestamp="2024-03-09T20:21:32 IST">
  <testcase classname="com.spotify.oauth2.tests.PlaylistTests" name="ShouldBeAbleToGetAPlaylist" time="4.821">
    <failure type="java.lang.RuntimeException" message="ABORT!!! Failed to get token">
      <![CDATA[java.lang.RuntimeException: ABORT!!! Failed to get token
at com.spotify.oauth2.api.TokenManager.getToken(TokenManager.java:27)
at com.spotify.oauth2.api.applicationApi.PlaylistApi.get(PlaylistApi.java:27)
at com.spotify.oauth2.tests.PlaylistTests.ShouldBeAbleToGetAPlaylist(PlaylistTests.java:38)
at java.base/java.util.concurrent.ThreadPoolExecutor.runWorker(ThreadPoolExecutor.java:1128)
at java.base/java.util.concurrent.ThreadPoolExecutor$Worker.run(ThreadPoolExecutor.java:628)
at java.base/java.lang.Thread.run(Thread.java:834)
... Removed 12 stack frames]]>
    </failure>
  </testcase> <!-- ShouldBeAbleToGetAPlaylist -->
  <testcase classname="com.spotify.oauth2.tests.PlaylistTests" name="ShouldNotBeAbleToCreateAPlaylistWithName" time="5.146">
    <failure type="java.lang.RuntimeException" message="ABORT!!! Failed to get token">
      <![CDATA[java.lang.RuntimeException: ABORT!!! Failed to get token
at com.spotify.oauth2.api.TokenManager.getToken(TokenManager.java:27)
at com.spotify.oauth2.api.applicationApi.PlaylistApi.post(PlaylistApi.java:18)
at com.spotify.oauth2.tests.PlaylistTests.ShouldNotBeAbleToCreateAPlaylistWithName(PlaylistTests.java:54)
at java.base/java.util.concurrent.ThreadPoolExecutor.runWorker(ThreadPoolExecutor.java:1128)
at java.base/java.util.concurrent.ThreadPoolExecutor$Worker.run(ThreadPoolExecutor.java:628)
at java.base/java.lang.Thread.run(Thread.java:834)
... Removed 12 stack frames]]>
    </failure>
  </testcase> <!-- ShouldNotBeAbleToCreateAPlaylistWithName -->
  <testcase classname="com.spotify.oauth2.tests.PlaylistTests" name="ShouldNotBeAbleToCreateAPlaylistWithExpiredToken" time="5.203"/>
  <testcase classname="com.spotify.oauth2.tests.PlaylistTests" name="ShouldBeAbleToCreateAPlaylist" time="5.42">
    <failure type="java.lang.RuntimeException" message="ABORT!!! Failed to get token">
      <![CDATA[java.lang.RuntimeException: ABORT!!! Failed to get token
at com.spotify.oauth2.api.TokenManager.getToken(TokenManager.java:27)
at com.spotify.oauth2.api.applicationApi.PlaylistApi.post(PlaylistApi.java:18)
at com.spotify.oauth2.tests.PlaylistTests.ShouldBeAbleToCreateAPlaylist(PlaylistTests.java:30)
at java.base/java.util.concurrent.ThreadPoolExecutor.runWorker(ThreadPoolExecutor.java:1128)
at java.base/java.util.concurrent.ThreadPoolExecutor$Worker.run(ThreadPoolExecutor.java:628)
at java.base/java.lang.Thread.run(Thread.java:834)
... Removed 12 stack frames]]>
    </failure>
  </testcase> <!-- ShouldBeAbleToCreateAPlaylist -->
  <testcase classname="com.spotify.oauth2.tests.PlaylistTests" name="ShouldBeAbleToUpdateAPlaylist" time="5.721">
    <failure type="java.lang.RuntimeException" message="ABORT!!! Failed to get token">
      <![CDATA[java.lang.RuntimeException: ABORT!!! Failed to get token
at com.spotify.oauth2.api.TokenManager.getToken(TokenManager.java:27)
at com.spotify.oauth2.api.applicationApi.PlaylistApi.update(PlaylistApi.java:31)
at com.spotify.oauth2.tests.PlaylistTests.ShouldBeAbleToUpdateAPlaylist(PlaylistTests.java:46)
at java.base/java.util.concurrent.ThreadPoolExecutor.runWorker(ThreadPoolExecutor.java:1128)
at java.base/java.util.concurrent.ThreadPoolExecutor$Worker.run(ThreadPoolExecutor.java:628)
at java.base/java.lang.Thread.run(Thread.java:834)
... Removed 12 stack frames]]>
    </failure>
  </testcase> <!-- ShouldBeAbleToUpdateAPlaylist -->
</testsuite> <!-- Surefire test -->
